<?xml version="1.0" encoding="UTF-8"?>
<robot generator="Robot 3.1.1 (Python 3.6.4 on darwin)" generated="20190219 08:39:03.535" rpa="false">
<suite id="s1" name="Google Search" source="/Users/rajagopalps/git/JCG/seleniumRobot/google_search.robot">
<test id="s1-t1" name="Open Search">
<kw name="Open Browser To Search Page" library="google_resource">
<kw name="Open Browser" library="SeleniumLibrary">
<doc>Opens a new browser instance to the given ``url``.</doc>
<arguments>
<arg>${SEARCH URL}</arg>
<arg>${BROWSER}</arg>
</arguments>
<msg timestamp="20190219 08:39:03.707" level="INFO">Opening browser 'Chrome' to base url 'http://www.google.com/'.</msg>
<status status="PASS" starttime="20190219 08:39:03.707" endtime="20190219 08:39:07.513"></status>
</kw>
<kw name="Maximize Browser Window" library="SeleniumLibrary">
<doc>Maximizes current browser window.</doc>
<status status="PASS" starttime="20190219 08:39:07.513" endtime="20190219 08:39:07.663"></status>
</kw>
<kw name="Set Selenium Speed" library="SeleniumLibrary">
<doc>Sets the delay that is waited after each Selenium command.</doc>
<arguments>
<arg>${DELAY}</arg>
</arguments>
<status status="PASS" starttime="20190219 08:39:07.663" endtime="20190219 08:39:07.664"></status>
</kw>
<kw name="Search Page Should Be Open" library="google_resource">
<kw name="Title Should Be" library="SeleniumLibrary">
<doc>Verifies that current page title equals ``title``.</doc>
<arguments>
<arg>Google</arg>
</arguments>
<msg timestamp="20190219 08:39:07.668" level="INFO">Page title is 'Google'.</msg>
<status status="PASS" starttime="20190219 08:39:07.664" endtime="20190219 08:39:07.668"></status>
</kw>
<status status="PASS" starttime="20190219 08:39:07.664" endtime="20190219 08:39:07.669"></status>
</kw>
<status status="PASS" starttime="20190219 08:39:03.707" endtime="20190219 08:39:07.669"></status>
</kw>
<kw name="Search Page Should Be Open" library="google_resource">
<kw name="Title Should Be" library="SeleniumLibrary">
<doc>Verifies that current page title equals ``title``.</doc>
<arguments>
<arg>Google</arg>
</arguments>
<msg timestamp="20190219 08:39:07.672" level="INFO">Page title is 'Google'.</msg>
<status status="PASS" starttime="20190219 08:39:07.669" endtime="20190219 08:39:07.672"></status>
</kw>
<status status="PASS" starttime="20190219 08:39:07.669" endtime="20190219 08:39:07.672"></status>
</kw>
<kw name="Close Browser" library="SeleniumLibrary" type="teardown">
<doc>Closes the current browser.</doc>
<status status="PASS" starttime="20190219 08:39:07.673" endtime="20190219 08:39:07.752"></status>
</kw>
<status status="PASS" starttime="20190219 08:39:03.706" endtime="20190219 08:39:07.753" critical="yes"></status>
</test>
<test id="s1-t2" name="Search Keyword">
<kw name="Open Browser To Search Page" library="google_resource">
<kw name="Open Browser" library="SeleniumLibrary">
<doc>Opens a new browser instance to the given ``url``.</doc>
<arguments>
<arg>${SEARCH URL}</arg>
<arg>${BROWSER}</arg>
</arguments>
<msg timestamp="20190219 08:39:07.755" level="INFO">Opening browser 'Chrome' to base url 'http://www.google.com/'.</msg>
<status status="PASS" starttime="20190219 08:39:07.755" endtime="20190219 08:39:10.918"></status>
</kw>
<kw name="Maximize Browser Window" library="SeleniumLibrary">
<doc>Maximizes current browser window.</doc>
<status status="PASS" starttime="20190219 08:39:10.919" endtime="20190219 08:39:11.057"></status>
</kw>
<kw name="Set Selenium Speed" library="SeleniumLibrary">
<doc>Sets the delay that is waited after each Selenium command.</doc>
<arguments>
<arg>${DELAY}</arg>
</arguments>
<status status="PASS" starttime="20190219 08:39:11.058" endtime="20190219 08:39:11.058"></status>
</kw>
<kw name="Search Page Should Be Open" library="google_resource">
<kw name="Title Should Be" library="SeleniumLibrary">
<doc>Verifies that current page title equals ``title``.</doc>
<arguments>
<arg>Google</arg>
</arguments>
<msg timestamp="20190219 08:39:11.064" level="INFO">Page title is 'Google'.</msg>
<status status="PASS" starttime="20190219 08:39:11.059" endtime="20190219 08:39:11.064"></status>
</kw>
<status status="PASS" starttime="20190219 08:39:11.058" endtime="20190219 08:39:11.064"></status>
</kw>
<status status="PASS" starttime="20190219 08:39:07.754" endtime="20190219 08:39:11.064"></status>
</kw>
<kw name="Input Search Term" library="google_resource">
<arguments>
<arg>test</arg>
</arguments>
<kw name="Input Text" library="SeleniumLibrary">
<doc>Types the given ``text`` into text field identified by ``locator``.</doc>
<arguments>
<arg>q</arg>
<arg>${search_term}</arg>
</arguments>
<msg timestamp="20190219 08:39:11.065" level="INFO">Typing text 'test' into text field 'q'.</msg>
<status status="PASS" starttime="20190219 08:39:11.065" endtime="20190219 08:39:11.202"></status>
</kw>
<kw name="Press Keys" library="SeleniumLibrary">
<doc>Simulates user pressing key(s) to an element or on the active browser.</doc>
<arguments>
<arg>None</arg>
<arg>ENTER</arg>
</arguments>
<msg timestamp="20190219 08:39:11.203" level="INFO">Sending key(s) ('ENTER',) to page.</msg>
<msg timestamp="20190219 08:39:11.203" level="INFO">Pressing special key ENTER to browser.</msg>
<status status="PASS" starttime="20190219 08:39:11.203" endtime="20190219 08:39:12.051"></status>
</kw>
<status status="PASS" starttime="20190219 08:39:11.065" endtime="20190219 08:39:12.051"></status>
</kw>
<kw name="Close Browser" library="SeleniumLibrary" type="teardown">
<doc>Closes the current browser.</doc>
<status status="PASS" starttime="20190219 08:39:12.052" endtime="20190219 08:39:12.134"></status>
</kw>
<status status="PASS" starttime="20190219 08:39:07.754" endtime="20190219 08:39:12.134" critical="yes"></status>
</test>
<doc>A test suite with tests for google search.

This test has a workflow that is created using keywords in
the imported resource file.</doc>
<status status="PASS" starttime="20190219 08:39:03.537" endtime="20190219 08:39:12.136"></status>
</suite>
<statistics>
<total>
<stat pass="2" fail="0">Critical Tests</stat>
<stat pass="2" fail="0">All Tests</stat>
</total>
<tag>
</tag>
<suite>
<stat pass="2" fail="0" id="s1" name="Google Search">Google Search</stat>
</suite>
</statistics>
<errors>
</errors>
</robot>
